
.. DO NOT EDIT.
.. THIS FILE WAS AUTOMATICALLY GENERATED BY SPHINX-GALLERY.
.. TO MAKE CHANGES, EDIT THE SOURCE PYTHON FILE:
.. "tutorial/20_recipes/008_specify_params.py"
.. LINE NUMBERS ARE GIVEN BELOW.

.. only:: html

    .. note::
        :class: sphx-glr-download-link-note

        :ref:`Go to the end <sphx_glr_download_tutorial_20_recipes_008_specify_params.py>`
        to download the full example code.

.. rst-class:: sphx-glr-example-title

.. _sphx_glr_tutorial_20_recipes_008_specify_params.py:


.. _specify_params:

Specify Hyperparameters Manually
================================

It's natural that you have some specific sets of hyperparameters to try first such as initial learning rate
values and the number of leaves.
Also, it's possible that you've already tried those sets before having Optuna find better
sets of hyperparameters.

Optuna provides two APIs to support such cases:

1. Passing those sets of hyperparameters and let Optuna evaluate them - :func:`~optuna.study.Study.enqueue_trial`
2. Adding the results of those sets as completed ``Trial``\s - :func:`~optuna.study.Study.add_trial`

.. _enqueue_trial_tutorial:

---------------------------------------------------------
First Scenario: Have Optuna evaluate your hyperparameters
---------------------------------------------------------

In this scenario, let's assume you have some out-of-box sets of hyperparameters but have not
evaluated them yet and decided to use Optuna to find better sets of hyperparameters.

Optuna has :func:`optuna.study.Study.enqueue_trial` which lets you pass those sets of
hyperparameters to Optuna and Optuna will evaluate them.

This section walks you through how to use this lit API with `LightGBM <https://lightgbm.readthedocs.io/en/stable/>`__.

.. GENERATED FROM PYTHON SOURCE LINES 31-41

.. code-block:: Python


    import lightgbm as lgb
    import numpy as np
    import sklearn.datasets
    import sklearn.metrics
    from sklearn.model_selection import train_test_split

    import optuna









.. GENERATED FROM PYTHON SOURCE LINES 42-43

Define the objective function.

.. GENERATED FROM PYTHON SOURCE LINES 43-67

.. code-block:: Python

    def objective(trial):
        data, target = sklearn.datasets.load_breast_cancer(return_X_y=True)
        train_x, valid_x, train_y, valid_y = train_test_split(data, target, test_size=0.25)
        dtrain = lgb.Dataset(train_x, label=train_y)
        dvalid = lgb.Dataset(valid_x, label=valid_y)

        param = {
            "objective": "binary",
            "metric": "auc",
            "verbosity": -1,
            "boosting_type": "gbdt",
            "bagging_fraction": min(trial.suggest_float("bagging_fraction", 0.4, 1.0 + 1e-12), 1),
            "bagging_freq": trial.suggest_int("bagging_freq", 0, 7),
            "min_child_samples": trial.suggest_int("min_child_samples", 5, 100),
        }

        gbm = lgb.train(param, dtrain, valid_sets=[dvalid])

        preds = gbm.predict(valid_x)
        pred_labels = np.rint(preds)
        accuracy = sklearn.metrics.accuracy_score(valid_y, pred_labels)
        return accuracy









.. GENERATED FROM PYTHON SOURCE LINES 68-69

Then, construct ``Study`` for hyperparameter optimization.

.. GENERATED FROM PYTHON SOURCE LINES 69-72

.. code-block:: Python


    study = optuna.create_study(direction="maximize", pruner=optuna.pruners.MedianPruner())








.. GENERATED FROM PYTHON SOURCE LINES 73-75

Here, we get Optuna evaluate some sets with larger ``"bagging_fraq"`` value and
the default values.

.. GENERATED FROM PYTHON SOURCE LINES 75-99

.. code-block:: Python


    study.enqueue_trial(
        {
            "bagging_fraction": 1.0,
            "bagging_freq": 0,
            "min_child_samples": 20,
        }
    )

    study.enqueue_trial(
        {
            "bagging_fraction": 0.75,
            "bagging_freq": 5,
            "min_child_samples": 20,
        }
    )

    import logging
    import sys

    # Add stream handler of stdout to show the messages to see Optuna works expectedly.
    optuna.logging.get_logger("optuna").addHandler(logging.StreamHandler(sys.stdout))
    study.optimize(objective, n_trials=100, timeout=600)





.. rst-class:: sphx-glr-script-out

 .. code-block:: none

    Trial 0 finished with value: 0.965034965034965 and parameters: {'bagging_fraction': 1.0, 'bagging_freq': 0, 'min_child_samples': 20}. Best is trial 0 with value: 0.965034965034965.
    Trial 1 finished with value: 0.958041958041958 and parameters: {'bagging_fraction': 0.75, 'bagging_freq': 5, 'min_child_samples': 20}. Best is trial 0 with value: 0.965034965034965.
    Trial 2 finished with value: 0.9790209790209791 and parameters: {'bagging_fraction': 0.956598869488815, 'bagging_freq': 6, 'min_child_samples': 99}. Best is trial 2 with value: 0.9790209790209791.
    Trial 3 finished with value: 0.965034965034965 and parameters: {'bagging_fraction': 0.64072706670135, 'bagging_freq': 0, 'min_child_samples': 50}. Best is trial 2 with value: 0.9790209790209791.
    Trial 4 finished with value: 0.958041958041958 and parameters: {'bagging_fraction': 0.7790043254263359, 'bagging_freq': 0, 'min_child_samples': 60}. Best is trial 2 with value: 0.9790209790209791.
    Trial 5 finished with value: 0.965034965034965 and parameters: {'bagging_fraction': 0.827522134729235, 'bagging_freq': 4, 'min_child_samples': 81}. Best is trial 2 with value: 0.9790209790209791.
    Trial 6 finished with value: 0.9300699300699301 and parameters: {'bagging_fraction': 0.5056670451741735, 'bagging_freq': 5, 'min_child_samples': 96}. Best is trial 2 with value: 0.9790209790209791.
    Trial 7 finished with value: 0.951048951048951 and parameters: {'bagging_fraction': 0.716883175318153, 'bagging_freq': 7, 'min_child_samples': 7}. Best is trial 2 with value: 0.9790209790209791.
    Trial 8 finished with value: 0.965034965034965 and parameters: {'bagging_fraction': 0.6994536403094159, 'bagging_freq': 5, 'min_child_samples': 77}. Best is trial 2 with value: 0.9790209790209791.
    Trial 9 finished with value: 0.986013986013986 and parameters: {'bagging_fraction': 0.8632746763620198, 'bagging_freq': 2, 'min_child_samples': 43}. Best is trial 9 with value: 0.986013986013986.
    Trial 10 finished with value: 0.9370629370629371 and parameters: {'bagging_fraction': 0.4003302228319566, 'bagging_freq': 2, 'min_child_samples': 45}. Best is trial 9 with value: 0.986013986013986.
    Trial 11 finished with value: 0.951048951048951 and parameters: {'bagging_fraction': 0.9434946946332826, 'bagging_freq': 2, 'min_child_samples': 34}. Best is trial 9 with value: 0.986013986013986.
    Trial 12 finished with value: 0.972027972027972 and parameters: {'bagging_fraction': 0.8874702176161107, 'bagging_freq': 7, 'min_child_samples': 66}. Best is trial 9 with value: 0.986013986013986.
    Trial 13 finished with value: 0.965034965034965 and parameters: {'bagging_fraction': 0.8789366724951115, 'bagging_freq': 2, 'min_child_samples': 98}. Best is trial 9 with value: 0.986013986013986.
    Trial 14 finished with value: 0.965034965034965 and parameters: {'bagging_fraction': 0.9655430857686516, 'bagging_freq': 3, 'min_child_samples': 38}. Best is trial 9 with value: 0.986013986013986.
    Trial 15 finished with value: 0.972027972027972 and parameters: {'bagging_fraction': 0.8738064628920269, 'bagging_freq': 6, 'min_child_samples': 77}. Best is trial 9 with value: 0.986013986013986.
    Trial 16 finished with value: 0.972027972027972 and parameters: {'bagging_fraction': 0.6355432107383621, 'bagging_freq': 3, 'min_child_samples': 62}. Best is trial 9 with value: 0.986013986013986.
    Trial 17 finished with value: 0.986013986013986 and parameters: {'bagging_fraction': 0.9264868880118882, 'bagging_freq': 1, 'min_child_samples': 31}. Best is trial 9 with value: 0.986013986013986.
    Trial 18 finished with value: 0.951048951048951 and parameters: {'bagging_fraction': 0.8031240187124981, 'bagging_freq': 1, 'min_child_samples': 31}. Best is trial 9 with value: 0.986013986013986.
    Trial 19 finished with value: 0.993006993006993 and parameters: {'bagging_fraction': 0.9170640233708611, 'bagging_freq': 1, 'min_child_samples': 22}. Best is trial 19 with value: 0.993006993006993.
    Trial 20 finished with value: 0.986013986013986 and parameters: {'bagging_fraction': 0.8357820903782947, 'bagging_freq': 1, 'min_child_samples': 5}. Best is trial 19 with value: 0.993006993006993.
    Trial 21 finished with value: 0.986013986013986 and parameters: {'bagging_fraction': 0.9097597957585789, 'bagging_freq': 1, 'min_child_samples': 23}. Best is trial 19 with value: 0.993006993006993.
    Trial 22 finished with value: 0.9790209790209791 and parameters: {'bagging_fraction': 0.9272052426344377, 'bagging_freq': 1, 'min_child_samples': 43}. Best is trial 19 with value: 0.993006993006993.
    Trial 23 finished with value: 0.972027972027972 and parameters: {'bagging_fraction': 0.8484974699831319, 'bagging_freq': 2, 'min_child_samples': 27}. Best is trial 19 with value: 0.993006993006993.
    Trial 24 finished with value: 0.986013986013986 and parameters: {'bagging_fraction': 0.9704878019088449, 'bagging_freq': 3, 'min_child_samples': 12}. Best is trial 19 with value: 0.993006993006993.
    Trial 25 finished with value: 0.9790209790209791 and parameters: {'bagging_fraction': 0.7646677525482528, 'bagging_freq': 1, 'min_child_samples': 15}. Best is trial 19 with value: 0.993006993006993.
    Trial 26 finished with value: 0.958041958041958 and parameters: {'bagging_fraction': 0.9094563143567946, 'bagging_freq': 2, 'min_child_samples': 38}. Best is trial 19 with value: 0.993006993006993.
    Trial 27 finished with value: 0.951048951048951 and parameters: {'bagging_fraction': 0.9996660802532994, 'bagging_freq': 0, 'min_child_samples': 54}. Best is trial 19 with value: 0.993006993006993.
    Trial 28 finished with value: 0.958041958041958 and parameters: {'bagging_fraction': 0.6236489994977885, 'bagging_freq': 4, 'min_child_samples': 29}. Best is trial 19 with value: 0.993006993006993.
    Trial 29 finished with value: 0.986013986013986 and parameters: {'bagging_fraction': 0.9965474972236277, 'bagging_freq': 0, 'min_child_samples': 14}. Best is trial 19 with value: 0.993006993006993.
    Trial 30 finished with value: 0.951048951048951 and parameters: {'bagging_fraction': 0.803844499303013, 'bagging_freq': 1, 'min_child_samples': 25}. Best is trial 19 with value: 0.993006993006993.
    Trial 31 finished with value: 0.9790209790209791 and parameters: {'bagging_fraction': 0.8464955335944282, 'bagging_freq': 1, 'min_child_samples': 19}. Best is trial 19 with value: 0.993006993006993.
    Trial 32 finished with value: 0.965034965034965 and parameters: {'bagging_fraction': 0.8603967354037153, 'bagging_freq': 2, 'min_child_samples': 7}. Best is trial 19 with value: 0.993006993006993.
    Trial 33 finished with value: 0.972027972027972 and parameters: {'bagging_fraction': 0.9133385946580799, 'bagging_freq': 1, 'min_child_samples': 20}. Best is trial 19 with value: 0.993006993006993.
    Trial 34 finished with value: 0.972027972027972 and parameters: {'bagging_fraction': 0.7261679845527174, 'bagging_freq': 0, 'min_child_samples': 36}. Best is trial 19 with value: 0.993006993006993.
    Trial 35 finished with value: 0.965034965034965 and parameters: {'bagging_fraction': 0.8134887919259223, 'bagging_freq': 0, 'min_child_samples': 45}. Best is trial 19 with value: 0.993006993006993.
    Trial 36 finished with value: 0.9440559440559441 and parameters: {'bagging_fraction': 0.681286752529259, 'bagging_freq': 3, 'min_child_samples': 5}. Best is trial 19 with value: 0.993006993006993.
    Trial 37 finished with value: 0.958041958041958 and parameters: {'bagging_fraction': 0.7852585062418732, 'bagging_freq': 1, 'min_child_samples': 12}. Best is trial 19 with value: 0.993006993006993.
    Trial 38 finished with value: 0.965034965034965 and parameters: {'bagging_fraction': 0.9481547826705615, 'bagging_freq': 2, 'min_child_samples': 53}. Best is trial 19 with value: 0.993006993006993.
    Trial 39 finished with value: 0.951048951048951 and parameters: {'bagging_fraction': 0.5871115934246318, 'bagging_freq': 0, 'min_child_samples': 23}. Best is trial 19 with value: 0.993006993006993.
    Trial 40 finished with value: 0.9790209790209791 and parameters: {'bagging_fraction': 0.8819902990061028, 'bagging_freq': 4, 'min_child_samples': 17}. Best is trial 19 with value: 0.993006993006993.
    Trial 41 finished with value: 0.9370629370629371 and parameters: {'bagging_fraction': 0.917260425435001, 'bagging_freq': 1, 'min_child_samples': 23}. Best is trial 19 with value: 0.993006993006993.
    Trial 42 finished with value: 0.958041958041958 and parameters: {'bagging_fraction': 0.834482666711794, 'bagging_freq': 1, 'min_child_samples': 31}. Best is trial 19 with value: 0.993006993006993.
    Trial 43 finished with value: 0.965034965034965 and parameters: {'bagging_fraction': 0.898065574004008, 'bagging_freq': 2, 'min_child_samples': 42}. Best is trial 19 with value: 0.993006993006993.
    Trial 44 finished with value: 0.9790209790209791 and parameters: {'bagging_fraction': 0.947658526641773, 'bagging_freq': 0, 'min_child_samples': 49}. Best is trial 19 with value: 0.993006993006993.
    Trial 45 finished with value: 0.972027972027972 and parameters: {'bagging_fraction': 0.7490793258854618, 'bagging_freq': 1, 'min_child_samples': 32}. Best is trial 19 with value: 0.993006993006993.
    Trial 46 finished with value: 0.986013986013986 and parameters: {'bagging_fraction': 0.9826921441064944, 'bagging_freq': 2, 'min_child_samples': 9}. Best is trial 19 with value: 0.993006993006993.
    Trial 47 finished with value: 0.958041958041958 and parameters: {'bagging_fraction': 0.8620369635526023, 'bagging_freq': 0, 'min_child_samples': 26}. Best is trial 19 with value: 0.993006993006993.
    Trial 48 finished with value: 0.965034965034965 and parameters: {'bagging_fraction': 0.9273973331624681, 'bagging_freq': 1, 'min_child_samples': 40}. Best is trial 19 with value: 0.993006993006993.
    Trial 49 finished with value: 0.972027972027972 and parameters: {'bagging_fraction': 0.41677355321932, 'bagging_freq': 3, 'min_child_samples': 48}. Best is trial 19 with value: 0.993006993006993.
    Trial 50 finished with value: 0.9790209790209791 and parameters: {'bagging_fraction': 0.8925333312996027, 'bagging_freq': 2, 'min_child_samples': 21}. Best is trial 19 with value: 0.993006993006993.
    Trial 51 finished with value: 0.986013986013986 and parameters: {'bagging_fraction': 0.9735164537923437, 'bagging_freq': 3, 'min_child_samples': 11}. Best is trial 19 with value: 0.993006993006993.
    Trial 52 finished with value: 0.951048951048951 and parameters: {'bagging_fraction': 0.9531349727173009, 'bagging_freq': 3, 'min_child_samples': 14}. Best is trial 19 with value: 0.993006993006993.
    Trial 53 finished with value: 0.951048951048951 and parameters: {'bagging_fraction': 0.9402393687109529, 'bagging_freq': 2, 'min_child_samples': 17}. Best is trial 19 with value: 0.993006993006993.
    Trial 54 finished with value: 0.951048951048951 and parameters: {'bagging_fraction': 0.8278460251101658, 'bagging_freq': 1, 'min_child_samples': 92}. Best is trial 19 with value: 0.993006993006993.
    Trial 55 finished with value: 0.951048951048951 and parameters: {'bagging_fraction': 0.9659247544320703, 'bagging_freq': 2, 'min_child_samples': 34}. Best is trial 19 with value: 0.993006993006993.
    Trial 56 finished with value: 0.965034965034965 and parameters: {'bagging_fraction': 0.8704724104441104, 'bagging_freq': 4, 'min_child_samples': 9}. Best is trial 19 with value: 0.993006993006993.
    Trial 57 finished with value: 0.958041958041958 and parameters: {'bagging_fraction': 0.9005772163496356, 'bagging_freq': 5, 'min_child_samples': 28}. Best is trial 19 with value: 0.993006993006993.
    Trial 58 finished with value: 0.972027972027972 and parameters: {'bagging_fraction': 0.9283481486389953, 'bagging_freq': 3, 'min_child_samples': 17}. Best is trial 19 with value: 0.993006993006993.
    Trial 59 finished with value: 0.9790209790209791 and parameters: {'bagging_fraction': 0.8448804038486876, 'bagging_freq': 6, 'min_child_samples': 23}. Best is trial 19 with value: 0.993006993006993.
    Trial 60 finished with value: 0.9440559440559441 and parameters: {'bagging_fraction': 0.9896016245490882, 'bagging_freq': 1, 'min_child_samples': 57}. Best is trial 19 with value: 0.993006993006993.
    Trial 61 finished with value: 0.9790209790209791 and parameters: {'bagging_fraction': 0.9986538590649445, 'bagging_freq': 0, 'min_child_samples': 12}. Best is trial 19 with value: 0.993006993006993.
    Trial 62 finished with value: 0.965034965034965 and parameters: {'bagging_fraction': 0.968183011551991, 'bagging_freq': 0, 'min_child_samples': 5}. Best is trial 19 with value: 0.993006993006993.
    Trial 63 finished with value: 0.972027972027972 and parameters: {'bagging_fraction': 0.9341968352967721, 'bagging_freq': 1, 'min_child_samples': 14}. Best is trial 19 with value: 0.993006993006993.
    Trial 64 finished with value: 0.965034965034965 and parameters: {'bagging_fraction': 0.9105325081430343, 'bagging_freq': 1, 'min_child_samples': 9}. Best is trial 19 with value: 0.993006993006993.
    Trial 65 finished with value: 0.951048951048951 and parameters: {'bagging_fraction': 0.9590045175768223, 'bagging_freq': 0, 'min_child_samples': 69}. Best is trial 19 with value: 0.993006993006993.
    Trial 66 finished with value: 0.951048951048951 and parameters: {'bagging_fraction': 0.881916519307555, 'bagging_freq': 2, 'min_child_samples': 20}. Best is trial 19 with value: 0.993006993006993.
    Trial 67 finished with value: 0.958041958041958 and parameters: {'bagging_fraction': 0.7885293967181599, 'bagging_freq': 0, 'min_child_samples': 29}. Best is trial 19 with value: 0.993006993006993.
    Trial 68 finished with value: 0.972027972027972 and parameters: {'bagging_fraction': 0.9776764832562016, 'bagging_freq': 2, 'min_child_samples': 36}. Best is trial 19 with value: 0.993006993006993.
    Trial 69 finished with value: 0.965034965034965 and parameters: {'bagging_fraction': 0.8571228153125773, 'bagging_freq': 1, 'min_child_samples': 16}. Best is trial 19 with value: 0.993006993006993.
    Trial 70 finished with value: 0.972027972027972 and parameters: {'bagging_fraction': 0.9108466918932947, 'bagging_freq': 1, 'min_child_samples': 22}. Best is trial 19 with value: 0.993006993006993.
    Trial 71 finished with value: 0.9370629370629371 and parameters: {'bagging_fraction': 0.9886476452709965, 'bagging_freq': 2, 'min_child_samples': 9}. Best is trial 19 with value: 0.993006993006993.
    Trial 72 finished with value: 0.972027972027972 and parameters: {'bagging_fraction': 0.9824619886846825, 'bagging_freq': 2, 'min_child_samples': 7}. Best is trial 19 with value: 0.993006993006993.
    Trial 73 finished with value: 0.9440559440559441 and parameters: {'bagging_fraction': 0.9435616182363603, 'bagging_freq': 1, 'min_child_samples': 13}. Best is trial 19 with value: 0.993006993006993.
    Trial 74 finished with value: 0.965034965034965 and parameters: {'bagging_fraction': 0.9995796232020485, 'bagging_freq': 3, 'min_child_samples': 10}. Best is trial 19 with value: 0.993006993006993.
    Trial 75 finished with value: 0.965034965034965 and parameters: {'bagging_fraction': 0.9597842073605587, 'bagging_freq': 1, 'min_child_samples': 25}. Best is trial 19 with value: 0.993006993006993.
    Trial 76 finished with value: 0.951048951048951 and parameters: {'bagging_fraction': 0.9307317611917045, 'bagging_freq': 0, 'min_child_samples': 19}. Best is trial 19 with value: 0.993006993006993.
    Trial 77 finished with value: 0.965034965034965 and parameters: {'bagging_fraction': 0.8940476922416628, 'bagging_freq': 2, 'min_child_samples': 5}. Best is trial 19 with value: 0.993006993006993.
    Trial 78 finished with value: 0.993006993006993 and parameters: {'bagging_fraction': 0.816617237707001, 'bagging_freq': 3, 'min_child_samples': 18}. Best is trial 19 with value: 0.993006993006993.
    Trial 79 finished with value: 0.9790209790209791 and parameters: {'bagging_fraction': 0.8140657520025465, 'bagging_freq': 4, 'min_child_samples': 25}. Best is trial 19 with value: 0.993006993006993.
    Trial 80 finished with value: 0.9440559440559441 and parameters: {'bagging_fraction': 0.7689627844132662, 'bagging_freq': 3, 'min_child_samples': 31}. Best is trial 19 with value: 0.993006993006993.
    Trial 81 finished with value: 0.9300699300699301 and parameters: {'bagging_fraction': 0.916197782651489, 'bagging_freq': 3, 'min_child_samples': 17}. Best is trial 19 with value: 0.993006993006993.
    Trial 82 finished with value: 0.9790209790209791 and parameters: {'bagging_fraction': 0.8684678794956469, 'bagging_freq': 2, 'min_child_samples': 14}. Best is trial 19 with value: 0.993006993006993.
    Trial 83 finished with value: 0.972027972027972 and parameters: {'bagging_fraction': 0.9770127095550686, 'bagging_freq': 4, 'min_child_samples': 8}. Best is trial 19 with value: 0.993006993006993.
    Trial 84 finished with value: 0.958041958041958 and parameters: {'bagging_fraction': 0.8813348292663059, 'bagging_freq': 3, 'min_child_samples': 11}. Best is trial 19 with value: 0.993006993006993.
    Trial 85 finished with value: 0.9790209790209791 and parameters: {'bagging_fraction': 0.8443561555933725, 'bagging_freq': 1, 'min_child_samples': 18}. Best is trial 19 with value: 0.993006993006993.
    Trial 86 finished with value: 0.972027972027972 and parameters: {'bagging_fraction': 0.5280154000228275, 'bagging_freq': 2, 'min_child_samples': 15}. Best is trial 19 with value: 0.993006993006993.
    Trial 87 finished with value: 0.965034965034965 and parameters: {'bagging_fraction': 0.7345566951137082, 'bagging_freq': 1, 'min_child_samples': 21}. Best is trial 19 with value: 0.993006993006993.
