    Trial 88 finished with value: 0.9790209790209791 and parameters: {'bagging_fraction': 0.6854951306437213, 'bagging_freq': 5, 'min_child_samples': 7}. Best is trial 19 with value: 0.993006993006993.
    Trial 89 finished with value: 0.965034965034965 and parameters: {'bagging_fraction': 0.8165043077484143, 'bagging_freq': 3, 'min_child_samples': 12}. Best is trial 19 with value: 0.993006993006993.
    Trial 90 finished with value: 0.986013986013986 and parameters: {'bagging_fraction': 0.9505474585968215, 'bagging_freq': 2, 'min_child_samples': 44}. Best is trial 19 with value: 0.993006993006993.
    Trial 91 finished with value: 0.958041958041958 and parameters: {'bagging_fraction': 0.9717371793952357, 'bagging_freq': 3, 'min_child_samples': 12}. Best is trial 19 with value: 0.993006993006993.
    Trial 92 finished with value: 0.9790209790209791 and parameters: {'bagging_fraction': 0.9230213521139659, 'bagging_freq': 3, 'min_child_samples': 5}. Best is trial 19 with value: 0.993006993006993.
    Trial 93 finished with value: 0.9790209790209791 and parameters: {'bagging_fraction': 0.9013170545655438, 'bagging_freq': 4, 'min_child_samples': 27}. Best is trial 19 with value: 0.993006993006993.
    Trial 94 finished with value: 0.972027972027972 and parameters: {'bagging_fraction': 0.9412741251524689, 'bagging_freq': 0, 'min_child_samples': 40}. Best is trial 19 with value: 0.993006993006993.
    Trial 95 finished with value: 0.993006993006993 and parameters: {'bagging_fraction': 0.9654059654547421, 'bagging_freq': 3, 'min_child_samples': 23}. Best is trial 19 with value: 0.993006993006993.
    Trial 96 finished with value: 0.972027972027972 and parameters: {'bagging_fraction': 0.9528247731346517, 'bagging_freq': 2, 'min_child_samples': 24}. Best is trial 19 with value: 0.993006993006993.
    Trial 97 finished with value: 0.972027972027972 and parameters: {'bagging_fraction': 0.8319686109657771, 'bagging_freq': 1, 'min_child_samples': 20}. Best is trial 19 with value: 0.993006993006993.
    Trial 98 finished with value: 0.958041958041958 and parameters: {'bagging_fraction': 0.9629917876096449, 'bagging_freq': 3, 'min_child_samples': 16}. Best is trial 19 with value: 0.993006993006993.
    Trial 99 finished with value: 0.9440559440559441 and parameters: {'bagging_fraction': 0.9363443205977546, 'bagging_freq': 0, 'min_child_samples': 34}. Best is trial 19 with value: 0.993006993006993.




.. GENERATED FROM PYTHON SOURCE LINES 100-114

.. _add_trial_tutorial:

----------------------------------------------------------------------
Second scenario: Have Optuna utilize already evaluated hyperparameters
----------------------------------------------------------------------

In this scenario, let's assume you have some out-of-box sets of hyperparameters and
you have already evaluated them but the results are not desirable so that you are thinking of
using Optuna.

Optuna has :func:`optuna.study.Study.add_trial` which lets you register those results
to Optuna and then Optuna will sample hyperparameters taking them into account.

In this section,  the ``objective`` is the same as the first scenario.

.. GENERATED FROM PYTHON SOURCE LINES 114-147

.. code-block:: Python


    study = optuna.create_study(direction="maximize", pruner=optuna.pruners.MedianPruner())
    study.add_trial(
        optuna.trial.create_trial(
            params={
                "bagging_fraction": 1.0,
                "bagging_freq": 0,
                "min_child_samples": 20,
            },
            distributions={
                "bagging_fraction": optuna.distributions.FloatDistribution(0.4, 1.0 + 1e-12),
                "bagging_freq": optuna.distributions.IntDistribution(0, 7),
                "min_child_samples": optuna.distributions.IntDistribution(5, 100),
            },
            value=0.94,
        )
    )
    study.add_trial(
        optuna.trial.create_trial(
            params={
                "bagging_fraction": 0.75,
                "bagging_freq": 5,
                "min_child_samples": 20,
            },
            distributions={
                "bagging_fraction": optuna.distributions.FloatDistribution(0.4, 1.0 + 1e-12),
                "bagging_freq": optuna.distributions.IntDistribution(0, 7),
                "min_child_samples": optuna.distributions.IntDistribution(5, 100),
            },
            value=0.95,
        )
    )
    study.optimize(objective, n_trials=100, timeout=600)




.. rst-class:: sphx-glr-script-out

 .. code-block:: none

    A new study created in memory with name: no-name-5b58e080-5d00-4322-9203-fb0db557dba6
    Trial 2 finished with value: 0.9790209790209791 and parameters: {'bagging_fraction': 0.8087003403504203, 'bagging_freq': 6, 'min_child_samples': 42}. Best is trial 2 with value: 0.9790209790209791.
    Trial 3 finished with value: 0.965034965034965 and parameters: {'bagging_fraction': 0.7517795900487124, 'bagging_freq': 6, 'min_child_samples': 9}. Best is trial 2 with value: 0.9790209790209791.
    Trial 4 finished with value: 0.958041958041958 and parameters: {'bagging_fraction': 0.777206286295953, 'bagging_freq': 6, 'min_child_samples': 95}. Best is trial 2 with value: 0.9790209790209791.
    Trial 5 finished with value: 0.965034965034965 and parameters: {'bagging_fraction': 0.5462538824814236, 'bagging_freq': 3, 'min_child_samples': 63}. Best is trial 2 with value: 0.9790209790209791.
    Trial 6 finished with value: 0.951048951048951 and parameters: {'bagging_fraction': 0.9867863836729596, 'bagging_freq': 4, 'min_child_samples': 98}. Best is trial 2 with value: 0.9790209790209791.
    Trial 7 finished with value: 0.9790209790209791 and parameters: {'bagging_fraction': 0.954480982816023, 'bagging_freq': 7, 'min_child_samples': 81}. Best is trial 2 with value: 0.9790209790209791.
    Trial 8 finished with value: 0.9790209790209791 and parameters: {'bagging_fraction': 0.5690839616196304, 'bagging_freq': 5, 'min_child_samples': 89}. Best is trial 2 with value: 0.9790209790209791.
    Trial 9 finished with value: 0.972027972027972 and parameters: {'bagging_fraction': 0.6229438351265048, 'bagging_freq': 1, 'min_child_samples': 88}. Best is trial 2 with value: 0.9790209790209791.
    Trial 10 finished with value: 0.993006993006993 and parameters: {'bagging_fraction': 0.4292696710614411, 'bagging_freq': 2, 'min_child_samples': 41}. Best is trial 10 with value: 0.993006993006993.
    Trial 11 finished with value: 0.9790209790209791 and parameters: {'bagging_fraction': 0.40564951621723466, 'bagging_freq': 2, 'min_child_samples': 44}. Best is trial 10 with value: 0.993006993006993.
    Trial 12 finished with value: 0.9790209790209791 and parameters: {'bagging_fraction': 0.8616622234690025, 'bagging_freq': 3, 'min_child_samples': 46}. Best is trial 10 with value: 0.993006993006993.
    Trial 13 finished with value: 0.9370629370629371 and parameters: {'bagging_fraction': 0.41060951049766337, 'bagging_freq': 2, 'min_child_samples': 60}. Best is trial 10 with value: 0.993006993006993.
    Trial 14 finished with value: 0.9790209790209791 and parameters: {'bagging_fraction': 0.8823499549788947, 'bagging_freq': 7, 'min_child_samples': 31}. Best is trial 10 with value: 0.993006993006993.
    Trial 15 finished with value: 0.9440559440559441 and parameters: {'bagging_fraction': 0.6560248344620787, 'bagging_freq': 4, 'min_child_samples': 37}. Best is trial 10 with value: 0.993006993006993.
    Trial 16 finished with value: 0.993006993006993 and parameters: {'bagging_fraction': 0.4969893572022186, 'bagging_freq': 0, 'min_child_samples': 67}. Best is trial 10 with value: 0.993006993006993.
    Trial 17 finished with value: 0.9370629370629371 and parameters: {'bagging_fraction': 0.4920000680823349, 'bagging_freq': 0, 'min_child_samples': 71}. Best is trial 10 with value: 0.993006993006993.
    Trial 18 finished with value: 0.951048951048951 and parameters: {'bagging_fraction': 0.476616452582376, 'bagging_freq': 1, 'min_child_samples': 56}. Best is trial 10 with value: 0.993006993006993.
    Trial 19 finished with value: 0.986013986013986 and parameters: {'bagging_fraction': 0.4921102299158576, 'bagging_freq': 1, 'min_child_samples': 72}. Best is trial 10 with value: 0.993006993006993.
    Trial 20 finished with value: 0.965034965034965 and parameters: {'bagging_fraction': 0.5641558906817806, 'bagging_freq': 2, 'min_child_samples': 70}. Best is trial 10 with value: 0.993006993006993.
    Trial 21 finished with value: 0.972027972027972 and parameters: {'bagging_fraction': 0.47214448986753943, 'bagging_freq': 1, 'min_child_samples': 77}. Best is trial 10 with value: 0.993006993006993.
    Trial 22 finished with value: 0.965034965034965 and parameters: {'bagging_fraction': 0.5183550084816652, 'bagging_freq': 0, 'min_child_samples': 52}. Best is trial 10 with value: 0.993006993006993.
    Trial 23 finished with value: 0.9790209790209791 and parameters: {'bagging_fraction': 0.43538361297773664, 'bagging_freq': 1, 'min_child_samples': 62}. Best is trial 10 with value: 0.993006993006993.
    Trial 24 finished with value: 0.958041958041958 and parameters: {'bagging_fraction': 0.6237923336607873, 'bagging_freq': 2, 'min_child_samples': 71}. Best is trial 10 with value: 0.993006993006993.
    Trial 25 finished with value: 0.951048951048951 and parameters: {'bagging_fraction': 0.6868292045692516, 'bagging_freq': 0, 'min_child_samples': 80}. Best is trial 10 with value: 0.993006993006993.
    Trial 26 finished with value: 0.9790209790209791 and parameters: {'bagging_fraction': 0.45224440857526005, 'bagging_freq': 1, 'min_child_samples': 52}. Best is trial 10 with value: 0.993006993006993.
    Trial 27 finished with value: 0.958041958041958 and parameters: {'bagging_fraction': 0.5945682315572609, 'bagging_freq': 3, 'min_child_samples': 30}. Best is trial 10 with value: 0.993006993006993.
    Trial 28 finished with value: 0.958041958041958 and parameters: {'bagging_fraction': 0.5149867899163224, 'bagging_freq': 2, 'min_child_samples': 67}. Best is trial 10 with value: 0.993006993006993.
    Trial 29 finished with value: 0.965034965034965 and parameters: {'bagging_fraction': 0.5217724752150869, 'bagging_freq': 0, 'min_child_samples': 20}. Best is trial 10 with value: 0.993006993006993.
    Trial 30 finished with value: 0.9440559440559441 and parameters: {'bagging_fraction': 0.43539398728180845, 'bagging_freq': 0, 'min_child_samples': 32}. Best is trial 10 with value: 0.993006993006993.
    Trial 31 finished with value: 0.965034965034965 and parameters: {'bagging_fraction': 0.8159855814092712, 'bagging_freq': 1, 'min_child_samples': 44}. Best is trial 10 with value: 0.993006993006993.
    Trial 32 finished with value: 0.9790209790209791 and parameters: {'bagging_fraction': 0.7115582859858907, 'bagging_freq': 5, 'min_child_samples': 37}. Best is trial 10 with value: 0.993006993006993.
    Trial 33 finished with value: 0.965034965034965 and parameters: {'bagging_fraction': 0.8399264995358816, 'bagging_freq': 6, 'min_child_samples': 47}. Best is trial 10 with value: 0.993006993006993.
    Trial 34 finished with value: 0.986013986013986 and parameters: {'bagging_fraction': 0.9290878212682766, 'bagging_freq': 4, 'min_child_samples': 16}. Best is trial 10 with value: 0.993006993006993.
    Trial 35 finished with value: 0.965034965034965 and parameters: {'bagging_fraction': 0.8901328769099331, 'bagging_freq': 4, 'min_child_samples': 6}. Best is trial 10 with value: 0.993006993006993.
    Trial 36 finished with value: 0.986013986013986 and parameters: {'bagging_fraction': 0.9345338366120546, 'bagging_freq': 3, 'min_child_samples': 15}. Best is trial 10 with value: 0.993006993006993.
    Trial 37 finished with value: 0.951048951048951 and parameters: {'bagging_fraction': 0.761098259418758, 'bagging_freq': 5, 'min_child_samples': 19}. Best is trial 10 with value: 0.993006993006993.
    Trial 38 finished with value: 0.9370629370629371 and parameters: {'bagging_fraction': 0.7129784636454511, 'bagging_freq': 2, 'min_child_samples': 25}. Best is trial 10 with value: 0.993006993006993.
    Trial 39 finished with value: 0.958041958041958 and parameters: {'bagging_fraction': 0.5417704706729443, 'bagging_freq': 3, 'min_child_samples': 13}. Best is trial 10 with value: 0.993006993006993.
    Trial 40 finished with value: 0.9790209790209791 and parameters: {'bagging_fraction': 0.6059588365667756, 'bagging_freq': 1, 'min_child_samples': 87}. Best is trial 10 with value: 0.993006993006993.
    Trial 41 finished with value: 0.972027972027972 and parameters: {'bagging_fraction': 0.9311651932010832, 'bagging_freq': 3, 'min_child_samples': 18}. Best is trial 10 with value: 0.993006993006993.
    Trial 42 finished with value: 0.9790209790209791 and parameters: {'bagging_fraction': 0.9248624194698637, 'bagging_freq': 4, 'min_child_samples': 12}. Best is trial 10 with value: 0.993006993006993.
    Trial 43 finished with value: 0.958041958041958 and parameters: {'bagging_fraction': 0.9750405017250747, 'bagging_freq': 4, 'min_child_samples': 25}. Best is trial 10 with value: 0.993006993006993.
    Trial 44 finished with value: 0.965034965034965 and parameters: {'bagging_fraction': 0.793196834806076, 'bagging_freq': 3, 'min_child_samples': 9}. Best is trial 10 with value: 0.993006993006993.
    Trial 45 finished with value: 0.951048951048951 and parameters: {'bagging_fraction': 0.924000075201748, 'bagging_freq': 2, 'min_child_samples': 75}. Best is trial 10 with value: 0.993006993006993.
    Trial 46 finished with value: 0.965034965034965 and parameters: {'bagging_fraction': 0.49136162080260637, 'bagging_freq': 3, 'min_child_samples': 58}. Best is trial 10 with value: 0.993006993006993.
    Trial 47 finished with value: 0.958041958041958 and parameters: {'bagging_fraction': 0.4168353315724157, 'bagging_freq': 4, 'min_child_samples': 64}. Best is trial 10 with value: 0.993006993006993.
    Trial 48 finished with value: 0.965034965034965 and parameters: {'bagging_fraction': 0.9988570057771584, 'bagging_freq': 1, 'min_child_samples': 37}. Best is trial 10 with value: 0.993006993006993.
    Trial 49 finished with value: 0.9790209790209791 and parameters: {'bagging_fraction': 0.8974813139097015, 'bagging_freq': 2, 'min_child_samples': 16}. Best is trial 10 with value: 0.993006993006993.
    Trial 50 finished with value: 0.986013986013986 and parameters: {'bagging_fraction': 0.46417069769689057, 'bagging_freq': 5, 'min_child_samples': 26}. Best is trial 10 with value: 0.993006993006993.
    Trial 51 finished with value: 0.965034965034965 and parameters: {'bagging_fraction': 0.4599237585958547, 'bagging_freq': 5, 'min_child_samples': 26}. Best is trial 10 with value: 0.993006993006993.
    Trial 52 finished with value: 0.958041958041958 and parameters: {'bagging_fraction': 0.49618533720396646, 'bagging_freq': 6, 'min_child_samples': 5}. Best is trial 10 with value: 0.993006993006993.
    Trial 53 finished with value: 0.986013986013986 and parameters: {'bagging_fraction': 0.42864679548991785, 'bagging_freq': 4, 'min_child_samples': 22}. Best is trial 10 with value: 0.993006993006993.
    Trial 54 finished with value: 0.958041958041958 and parameters: {'bagging_fraction': 0.5563472864308319, 'bagging_freq': 6, 'min_child_samples': 15}. Best is trial 10 with value: 0.993006993006993.
    Trial 55 finished with value: 0.965034965034965 and parameters: {'bagging_fraction': 0.4523946584643898, 'bagging_freq': 5, 'min_child_samples': 28}. Best is trial 10 with value: 0.993006993006993.
    Trial 56 finished with value: 0.958041958041958 and parameters: {'bagging_fraction': 0.8574524130560109, 'bagging_freq': 0, 'min_child_samples': 35}. Best is trial 10 with value: 0.993006993006993.
    Trial 57 finished with value: 0.9300699300699301 and parameters: {'bagging_fraction': 0.4060748443303106, 'bagging_freq': 5, 'min_child_samples': 84}. Best is trial 10 with value: 0.993006993006993.
    Trial 58 finished with value: 0.958041958041958 and parameters: {'bagging_fraction': 0.5335861753085241, 'bagging_freq': 1, 'min_child_samples': 40}. Best is trial 10 with value: 0.993006993006993.
    Trial 59 finished with value: 0.958041958041958 and parameters: {'bagging_fraction': 0.5791087306592932, 'bagging_freq': 3, 'min_child_samples': 48}. Best is trial 10 with value: 0.993006993006993.
    Trial 60 finished with value: 0.951048951048951 and parameters: {'bagging_fraction': 0.47612885026783364, 'bagging_freq': 2, 'min_child_samples': 67}. Best is trial 10 with value: 0.993006993006993.
    Trial 61 finished with value: 0.972027972027972 and parameters: {'bagging_fraction': 0.43970576100586894, 'bagging_freq': 4, 'min_child_samples': 22}. Best is trial 10 with value: 0.993006993006993.
    Trial 62 finished with value: 0.986013986013986 and parameters: {'bagging_fraction': 0.42468217733461483, 'bagging_freq': 4, 'min_child_samples': 22}. Best is trial 10 with value: 0.993006993006993.
    Trial 63 finished with value: 0.9790209790209791 and parameters: {'bagging_fraction': 0.4980404693585765, 'bagging_freq': 5, 'min_child_samples': 12}. Best is trial 10 with value: 0.993006993006993.
    Trial 64 finished with value: 0.972027972027972 and parameters: {'bagging_fraction': 0.4688019243591028, 'bagging_freq': 3, 'min_child_samples': 77}. Best is trial 10 with value: 0.993006993006993.
    Trial 65 finished with value: 0.9790209790209791 and parameters: {'bagging_fraction': 0.4017759596180129, 'bagging_freq': 4, 'min_child_samples': 33}. Best is trial 10 with value: 0.993006993006993.
    Trial 66 finished with value: 0.972027972027972 and parameters: {'bagging_fraction': 0.9467107763820835, 'bagging_freq': 0, 'min_child_samples': 22}. Best is trial 10 with value: 0.993006993006993.
    Trial 67 finished with value: 0.972027972027972 and parameters: {'bagging_fraction': 0.6515570183884742, 'bagging_freq': 3, 'min_child_samples': 55}. Best is trial 10 with value: 0.993006993006993.
    Trial 68 finished with value: 0.951048951048951 and parameters: {'bagging_fraction': 0.43348312192709615, 'bagging_freq': 7, 'min_child_samples': 94}. Best is trial 10 with value: 0.993006993006993.
    Trial 69 finished with value: 0.958041958041958 and parameters: {'bagging_fraction': 0.9722063322386387, 'bagging_freq': 1, 'min_child_samples': 9}. Best is trial 10 with value: 0.993006993006993.
    Trial 70 finished with value: 0.9440559440559441 and parameters: {'bagging_fraction': 0.4483905306564294, 'bagging_freq': 5, 'min_child_samples': 40}. Best is trial 10 with value: 0.993006993006993.
    Trial 71 finished with value: 0.9440559440559441 and parameters: {'bagging_fraction': 0.42637966515856535, 'bagging_freq': 4, 'min_child_samples': 22}. Best is trial 10 with value: 0.993006993006993.
    Trial 72 finished with value: 0.9440559440559441 and parameters: {'bagging_fraction': 0.4215250973439944, 'bagging_freq': 4, 'min_child_samples': 29}. Best is trial 10 with value: 0.993006993006993.
    Trial 73 finished with value: 0.972027972027972 and parameters: {'bagging_fraction': 0.48719798060578395, 'bagging_freq': 4, 'min_child_samples': 17}. Best is trial 10 with value: 0.993006993006993.
    Trial 74 finished with value: 0.972027972027972 and parameters: {'bagging_fraction': 0.5121414674760127, 'bagging_freq': 4, 'min_child_samples': 21}. Best is trial 10 with value: 0.993006993006993.
    Trial 75 finished with value: 0.9440559440559441 and parameters: {'bagging_fraction': 0.46294148068535873, 'bagging_freq': 5, 'min_child_samples': 25}. Best is trial 10 with value: 0.993006993006993.
    Trial 76 finished with value: 0.965034965034965 and parameters: {'bagging_fraction': 0.9087874354790008, 'bagging_freq': 2, 'min_child_samples': 10}. Best is trial 10 with value: 0.993006993006993.
    Trial 77 finished with value: 0.965034965034965 and parameters: {'bagging_fraction': 0.5082183546189496, 'bagging_freq': 3, 'min_child_samples': 27}. Best is trial 10 with value: 0.993006993006993.
    Trial 78 finished with value: 0.9370629370629371 and parameters: {'bagging_fraction': 0.8694374713565284, 'bagging_freq': 0, 'min_child_samples': 14}. Best is trial 10 with value: 0.993006993006993.
    Trial 79 finished with value: 0.9370629370629371 and parameters: {'bagging_fraction': 0.48111895289747675, 'bagging_freq': 4, 'min_child_samples': 19}. Best is trial 10 with value: 0.993006993006993.
    Trial 80 finished with value: 0.965034965034965 and parameters: {'bagging_fraction': 0.5279514375063884, 'bagging_freq': 1, 'min_child_samples': 68}. Best is trial 10 with value: 0.993006993006993.
    Trial 81 finished with value: 0.9300699300699301 and parameters: {'bagging_fraction': 0.8369920876172032, 'bagging_freq': 7, 'min_child_samples': 75}. Best is trial 10 with value: 0.993006993006993.
    Trial 82 finished with value: 0.972027972027972 and parameters: {'bagging_fraction': 0.44488023107000285, 'bagging_freq': 5, 'min_child_samples': 50}. Best is trial 10 with value: 0.993006993006993.
    Trial 83 finished with value: 0.965034965034965 and parameters: {'bagging_fraction': 0.7947121751895092, 'bagging_freq': 6, 'min_child_samples': 62}. Best is trial 10 with value: 0.993006993006993.
    Trial 84 finished with value: 0.958041958041958 and parameters: {'bagging_fraction': 0.9543872810703657, 'bagging_freq': 6, 'min_child_samples': 31}. Best is trial 10 with value: 0.993006993006993.
    Trial 85 finished with value: 0.958041958041958 and parameters: {'bagging_fraction': 0.4176010482642218, 'bagging_freq': 6, 'min_child_samples': 39}. Best is trial 10 with value: 0.993006993006993.
    Trial 86 finished with value: 0.958041958041958 and parameters: {'bagging_fraction': 0.6735931192460826, 'bagging_freq': 4, 'min_child_samples': 45}. Best is trial 10 with value: 0.993006993006993.
