    Trial 87 finished with value: 0.965034965034965 and parameters: {'bagging_fraction': 0.4600834910688455, 'bagging_freq': 3, 'min_child_samples': 43}. Best is trial 10 with value: 0.993006993006993.
    Trial 88 finished with value: 0.965034965034965 and parameters: {'bagging_fraction': 0.755905245612759, 'bagging_freq': 2, 'min_child_samples': 24}. Best is trial 10 with value: 0.993006993006993.
    Trial 89 finished with value: 0.951048951048951 and parameters: {'bagging_fraction': 0.7439328046837268, 'bagging_freq': 0, 'min_child_samples': 73}. Best is trial 10 with value: 0.993006993006993.
    Trial 90 finished with value: 0.986013986013986 and parameters: {'bagging_fraction': 0.8783616011805189, 'bagging_freq': 4, 'min_child_samples': 34}. Best is trial 10 with value: 0.993006993006993.
    Trial 91 finished with value: 0.9790209790209791 and parameters: {'bagging_fraction': 0.9043465534319942, 'bagging_freq': 4, 'min_child_samples': 33}. Best is trial 10 with value: 0.993006993006993.
    Trial 92 finished with value: 0.965034965034965 and parameters: {'bagging_fraction': 0.8752956289698011, 'bagging_freq': 4, 'min_child_samples': 35}. Best is trial 10 with value: 0.993006993006993.
    Trial 93 finished with value: 0.965034965034965 and parameters: {'bagging_fraction': 0.943960327394992, 'bagging_freq': 5, 'min_child_samples': 42}. Best is trial 10 with value: 0.993006993006993.
    Trial 94 finished with value: 0.9790209790209791 and parameters: {'bagging_fraction': 0.4039456355451482, 'bagging_freq': 3, 'min_child_samples': 17}. Best is trial 10 with value: 0.993006993006993.
    Trial 95 finished with value: 0.9370629370629371 and parameters: {'bagging_fraction': 0.9183328996926896, 'bagging_freq': 4, 'min_child_samples': 29}. Best is trial 10 with value: 0.993006993006993.
    Trial 96 finished with value: 0.993006993006993 and parameters: {'bagging_fraction': 0.810827180834229, 'bagging_freq': 3, 'min_child_samples': 23}. Best is trial 10 with value: 0.993006993006993.
    Trial 97 finished with value: 0.9440559440559441 and parameters: {'bagging_fraction': 0.8254986912497699, 'bagging_freq': 3, 'min_child_samples': 24}. Best is trial 10 with value: 0.993006993006993.
    Trial 98 finished with value: 0.965034965034965 and parameters: {'bagging_fraction': 0.8485135711658985, 'bagging_freq': 3, 'min_child_samples': 7}. Best is trial 10 with value: 0.993006993006993.
    Trial 99 finished with value: 0.9790209790209791 and parameters: {'bagging_fraction': 0.96700105257384, 'bagging_freq': 2, 'min_child_samples': 19}. Best is trial 10 with value: 0.993006993006993.
    Trial 100 finished with value: 0.9370629370629371 and parameters: {'bagging_fraction': 0.4290367759213113, 'bagging_freq': 2, 'min_child_samples': 15}. Best is trial 10 with value: 0.993006993006993.
    Trial 101 finished with value: 0.9440559440559441 and parameters: {'bagging_fraction': 0.7958395818293578, 'bagging_freq': 4, 'min_child_samples': 80}. Best is trial 10 with value: 0.993006993006993.





.. rst-class:: sphx-glr-timing

   **Total running time of the script:** (0 minutes 10.421 seconds)


.. _sphx_glr_download_tutorial_20_recipes_008_specify_params.py:

.. only:: html

  .. container:: sphx-glr-footer sphx-glr-footer-example

    .. container:: sphx-glr-download sphx-glr-download-jupyter

      :download:`Download Jupyter notebook: 008_specify_params.ipynb <008_specify_params.ipynb>`

    .. container:: sphx-glr-download sphx-glr-download-python

      :download:`Download Python source code: 008_specify_params.py <008_specify_params.py>`

    .. container:: sphx-glr-download sphx-glr-download-zip

      :download:`Download zipped: 008_specify_params.zip <008_specify_params.zip>`


.. only:: html

 .. rst-class:: sphx-glr-signature

    `Gallery generated by Sphinx-Gallery <https://sphinx-gallery.github.io>`_
